This file contains any messages produced by compilers while
running configure, to aid debugging if configure makes a mistake.

It was created by fswebcam configure 20140113, which was
generated by GNU Autoconf 2.69.  Invocation command line was

  $ ./configure --prefix=/usr

## --------- ##
## Platform. ##
## --------- ##

hostname = SequentialEnvironment
uname -m = armv7l
uname -r = 4.14.79-v7+
uname -s = Linux
uname -v = #1159 SMP Sun Nov 4 17:50:20 GMT 2018

/usr/bin/uname -p = unknown
/bin/uname -X     = unknown

/bin/arch              = unknown
/usr/bin/arch -k       = unknown
/usr/convex/getsysinfo = unknown
/usr/bin/hostinfo      = unknown
/bin/machine           = unknown
/usr/bin/oslevel       = unknown
/bin/universe          = unknown

PATH: /usr/local/sbin
PATH: /usr/local/bin
PATH: /usr/sbin
PATH: /usr/bin
PATH: /sbin
PATH: /bin


## ----------- ##
## Core tests. ##
## ----------- ##

configure:2058: checking for gcc
configure:2074: found /usr/bin/gcc
configure:2085: result: gcc
configure:2314: checking for C compiler version
configure:2323: gcc --version >&5
gcc (Raspbian 6.3.0-18+rpi1+deb9u1) 6.3.0 20170516
Copyright (C) 2016 Free Software Foundation, Inc.
This is free software; see the source for copying conditions.  There is NO
warranty; not even for MERCHANTABILITY or FITNESS FOR A PARTICULAR PURPOSE.

configure:2334: $? = 0
configure:2323: gcc -v >&5
Using built-in specs.
COLLECT_GCC=gcc
COLLECT_LTO_WRAPPER=/usr/lib/gcc/arm-linux-gnueabihf/6/lto-wrapper
Target: arm-linux-gnueabihf
Configured with: ../src/configure -v --with-pkgversion='Raspbian 6.3.0-18+rpi1+deb9u1' --with-bugurl=file:///usr/share/doc/gcc-6/README.Bugs --enable-languages=c,ada,c++,java,go,d,fortran,objc,obj-c++ --prefix=/usr --program-suffix=-6 --program-prefix=arm-linux-gnueabihf- --enable-shared --enable-linker-build-id --libexecdir=/usr/lib --without-included-gettext --enable-threads=posix --libdir=/usr/lib --enable-nls --with-sysroot=/ --enable-clocale=gnu --enable-libstdcxx-debug --enable-libstdcxx-time=yes --with-default-libstdcxx-abi=new --enable-gnu-unique-object --disable-libitm --disable-libquadmath --enable-plugin --with-system-zlib --disable-browser-plugin --enable-java-awt=gtk --enable-gtk-cairo --with-java-home=/usr/lib/jvm/java-1.5.0-gcj-6-armhf/jre --enable-java-home --with-jvm-root-dir=/usr/lib/jvm/java-1.5.0-gcj-6-armhf --with-jvm-jar-dir=/usr/lib/jvm-exports/java-1.5.0-gcj-6-armhf --with-arch-directory=arm --with-ecj-jar=/usr/share/java/eclipse-ecj.jar --with-target-system-zlib --enable-objc-gc=auto --enable-multiarch --disable-sjlj-exceptions --with-arch=armv6 --with-fpu=vfp --with-float=hard --enable-checking=release --build=arm-linux-gnueabihf --host=arm-linux-gnueabihf --target=arm-linux-gnueabihf
Thread model: posix
gcc version 6.3.0 20170516 (Raspbian 6.3.0-18+rpi1+deb9u1) 
configure:2334: $? = 0
configure:2323: gcc -V >&5
gcc: error: unrecognized command line option '-V'
gcc: fatal error: no input files
compilation terminated.
configure:2334: $? = 1
configure:2323: gcc -qversion >&5
gcc: error: unrecognized command line option '-qversion'; did you mean '--version'?
gcc: fatal error: no input files
compilation terminated.
configure:2334: $? = 1
configure:2354: checking whether the C compiler works
configure:2376: gcc    conftest.c  >&5
configure:2380: $? = 0
configure:2428: result: yes
configure:2431: checking for C compiler default output file name
configure:2433: result: a.out
configure:2439: checking for suffix of executables
configure:2446: gcc -o conftest    conftest.c  >&5
configure:2450: $? = 0
configure:2472: result: 
configure:2494: checking whether we are cross compiling
configure:2502: gcc -o conftest    conftest.c  >&5
configure:2506: $? = 0
configure:2513: ./conftest
configure:2517: $? = 0
configure:2532: result: no
configure:2537: checking for suffix of object files
configure:2559: gcc -c   conftest.c >&5
configure:2563: $? = 0
configure:2584: result: o
configure:2588: checking whether we are using the GNU C compiler
configure:2607: gcc -c   conftest.c >&5
configure:2607: $? = 0
configure:2616: result: yes
configure:2625: checking whether gcc accepts -g
configure:2645: gcc -c -g  conftest.c >&5
configure:2645: $? = 0
configure:2686: result: yes
configure:2703: checking for gcc option to accept ISO C89
configure:2766: gcc  -c -g -O2  conftest.c >&5
configure:2766: $? = 0
configure:2779: result: none needed
configure:2848: checking how to run the C preprocessor
configure:2879: gcc -E  conftest.c
configure:2879: $? = 0
configure:2893: gcc -E  conftest.c
conftest.c:11:28: fatal error: ac_nonexistent.h: No such file or directory
 #include <ac_nonexistent.h>
                            ^
compilation terminated.
configure:2893: $? = 1
configure: failed program was:
| /* confdefs.h */
| #define PACKAGE_NAME "fswebcam"
| #define PACKAGE_TARNAME "fswebcam"
| #define PACKAGE_VERSION "20140113"
| #define PACKAGE_STRING "fswebcam 20140113"
| #define PACKAGE_BUGREPORT "phil@sanslogic.co.uk"
| #define PACKAGE_URL ""
| #define HAVE_V4L1 1
| #define HAVE_V4L2 1
| /* end confdefs.h.  */
| #include <ac_nonexistent.h>
configure:2918: result: gcc -E
configure:2938: gcc -E  conftest.c
configure:2938: $? = 0
configure:2952: gcc -E  conftest.c
conftest.c:11:28: fatal error: ac_nonexistent.h: No such file or directory
 #include <ac_nonexistent.h>
                            ^
compilation terminated.
configure:2952: $? = 1
configure: failed program was:
| /* confdefs.h */
| #define PACKAGE_NAME "fswebcam"
| #define PACKAGE_TARNAME "fswebcam"
| #define PACKAGE_VERSION "20140113"
| #define PACKAGE_STRING "fswebcam 20140113"
| #define PACKAGE_BUGREPORT "phil@sanslogic.co.uk"
| #define PACKAGE_URL ""
| #define HAVE_V4L1 1
| #define HAVE_V4L2 1
| /* end confdefs.h.  */
| #include <ac_nonexistent.h>
configure:2981: checking for grep that handles long lines and -e
configure:3039: result: /bin/grep
configure:3044: checking for egrep
configure:3106: result: /bin/grep -E
configure:3111: checking for ANSI C header files
configure:3131: gcc -c -g -O2  conftest.c >&5
configure:3131: $? = 0
configure:3204: gcc -o conftest -g -O2   conftest.c  >&5
configure:3204: $? = 0
configure:3204: ./conftest
configure:3204: $? = 0
configure:3215: result: yes
configure:3228: checking for sys/types.h
configure:3228: gcc -c -g -O2  conftest.c >&5
configure:3228: $? = 0
configure:3228: result: yes
configure:3228: checking for sys/stat.h
configure:3228: gcc -c -g -O2  conftest.c >&5
configure:3228: $? = 0
configure:3228: result: yes
configure:3228: checking for stdlib.h
configure:3228: gcc -c -g -O2  conftest.c >&5
configure:3228: $? = 0
configure:3228: result: yes
configure:3228: checking for string.h
configure:3228: gcc -c -g -O2  conftest.c >&5
configure:3228: $? = 0
configure:3228: result: yes
configure:3228: checking for memory.h
configure:3228: gcc -c -g -O2  conftest.c >&5
configure:3228: $? = 0
configure:3228: result: yes
configure:3228: checking for strings.h
configure:3228: gcc -c -g -O2  conftest.c >&5
configure:3228: $? = 0
configure:3228: result: yes
configure:3228: checking for inttypes.h
configure:3228: gcc -c -g -O2  conftest.c >&5
configure:3228: $? = 0
configure:3228: result: yes
configure:3228: checking for stdint.h
configure:3228: gcc -c -g -O2  conftest.c >&5
configure:3228: $? = 0
configure:3228: result: yes
configure:3228: checking for unistd.h
configure:3228: gcc -c -g -O2  conftest.c >&5
configure:3228: $? = 0
configure:3228: result: yes
configure:3246: checking for stdlib.h
configure:3246: result: yes
configure:3246: checking for unistd.h
configure:3246: result: yes
configure:3246: checking for sys/param.h
configure:3246: gcc -c -g -O2  conftest.c >&5
configure:3246: $? = 0
configure:3246: result: yes
configure:3266: checking for getpagesize
configure:3266: gcc -o conftest -g -O2   conftest.c  >&5
configure:3266: $? = 0
configure:3266: result: yes
configure:3275: checking for working mmap
configure:3422: gcc -o conftest -g -O2   conftest.c  >&5
configure:3422: $? = 0
configure:3422: ./conftest
configure:3422: $? = 0
configure:3432: result: yes
configure:3442: checking for gdImageCreateTrueColor in -lgd
configure:3467: gcc -o conftest -g -O2   conftest.c -lgd   >&5
configure:3467: $? = 0
configure:3476: result: yes
configure:3488: checking for gdImageStringFT in -lgd
configure:3513: gcc -o conftest -g -O2  -lgd  conftest.c -lgd   >&5
configure:3513: $? = 0
configure:3522: result: yes
configure:3532: checking for gdImageJpeg in -lgd
configure:3557: gcc -o conftest -g -O2  -lgd  conftest.c -lgd   >&5
configure:3557: $? = 0
configure:3566: result: yes
configure:3576: checking for gdImagePngEx in -lgd
configure:3601: gcc -o conftest -g -O2  -lgd  conftest.c -lgd   >&5
configure:3601: $? = 0
configure:3610: result: yes
configure:3643: result:
   Buffer type ........... 16 bit
   PNG support ........... yes
   JPEG support .......... yes
   Freetype 2.x support .. yes
   V4L1 support .......... yes
   V4L2 support .......... yes

configure:3771: creating ./config.status

## ---------------------- ##
## Running config.status. ##
## ---------------------- ##

This file was extended by fswebcam config.status 20140113, which was
generated by GNU Autoconf 2.69.  Invocation command line was

  CONFIG_FILES    = 
  CONFIG_HEADERS  = 
  CONFIG_LINKS    = 
  CONFIG_COMMANDS = 
  $ ./config.status 

on SequentialEnvironment

config.status:805: creating Makefile
config.status:805: creating config.h
config.status:975: config.h is unchanged

## ---------------- ##
## Cache variables. ##
## ---------------- ##

ac_cv_c_compiler_gnu=yes
ac_cv_env_CC_set=
ac_cv_env_CC_value=
ac_cv_env_CFLAGS_set=
ac_cv_env_CFLAGS_value=
ac_cv_env_CPPFLAGS_set=
ac_cv_env_CPPFLAGS_value=
ac_cv_env_CPP_set=
ac_cv_env_CPP_value=
ac_cv_env_LDFLAGS_set=
ac_cv_env_LDFLAGS_value=
ac_cv_env_LIBS_set=
ac_cv_env_LIBS_value=
ac_cv_env_build_alias_set=
ac_cv_env_build_alias_value=
ac_cv_env_host_alias_set=
ac_cv_env_host_alias_value=
ac_cv_env_target_alias_set=
ac_cv_env_target_alias_value=
ac_cv_func_getpagesize=yes
ac_cv_func_mmap_fixed_mapped=yes
ac_cv_header_inttypes_h=yes
ac_cv_header_memory_h=yes
ac_cv_header_stdc=yes
ac_cv_header_stdint_h=yes
ac_cv_header_stdlib_h=yes
ac_cv_header_string_h=yes
ac_cv_header_strings_h=yes
ac_cv_header_sys_param_h=yes
ac_cv_header_sys_stat_h=yes
ac_cv_header_sys_types_h=yes
ac_cv_header_unistd_h=yes
ac_cv_lib_gd_gdImageCreateTrueColor=yes
ac_cv_lib_gd_gdImageJpeg=yes
ac_cv_lib_gd_gdImagePngEx=yes
ac_cv_lib_gd_gdImageStringFT=yes
ac_cv_objext=o
ac_cv_path_EGREP='/bin/grep -E'
ac_cv_path_GREP=/bin/grep
ac_cv_prog_CPP='gcc -E'
ac_cv_prog_ac_ct_CC=gcc
ac_cv_prog_cc_c89=
ac_cv_prog_cc_g=yes

## ----------------- ##
## Output variables. ##
## ----------------- ##

CC='gcc'
CFLAGS='-g -O2'
CPP='gcc -E'
CPPFLAGS=''
DEFS='-DHAVE_CONFIG_H'
ECHO_C=''
ECHO_N='-n'
ECHO_T=''
EGREP='/bin/grep -E'
EXEEXT=''
GREP='/bin/grep'
LDFLAGS='-lgd '
LIBOBJS=''
LIBS=''
LTLIBOBJS=''
OBJEXT='o'
PACKAGE_BUGREPORT='phil@sanslogic.co.uk'
PACKAGE_NAME='fswebcam'
PACKAGE_STRING='fswebcam 20140113'
PACKAGE_TARNAME='fswebcam'
PACKAGE_URL=''
PACKAGE_VERSION='20140113'
PATH_SEPARATOR=':'
SHELL='/bin/bash'
SRC_OBJS='src_test.o src_raw.o src_file.o src_v4l1.o src_v4l2.o'
ac_ct_CC='gcc'
bindir='${exec_prefix}/bin'
build_alias=''
datadir='${datarootdir}'
datarootdir='${prefix}/share'
docdir='${datarootdir}/doc/${PACKAGE_TARNAME}'
dvidir='${docdir}'
exec_prefix='${prefix}'
host_alias=''
htmldir='${docdir}'
includedir='${prefix}/include'
infodir='${datarootdir}/info'
libdir='${exec_prefix}/lib'
libexecdir='${exec_prefix}/libexec'
localedir='${datarootdir}/locale'
localstatedir='${prefix}/var'
mandir='${datarootdir}/man'
oldincludedir='/usr/include'
pdfdir='${docdir}'
prefix='/usr'
program_transform_name='s,x,x,'
psdir='${docdir}'
sbindir='${exec_prefix}/sbin'
sharedstatedir='${prefix}/com'
sysconfdir='${prefix}/etc'
target_alias=''

## ----------- ##
## confdefs.h. ##
## ----------- ##

/* confdefs.h */
#define PACKAGE_NAME "fswebcam"
#define PACKAGE_TARNAME "fswebcam"
#define PACKAGE_VERSION "20140113"
#define PACKAGE_STRING "fswebcam 20140113"
#define PACKAGE_BUGREPORT "phil@sanslogic.co.uk"
#define PACKAGE_URL ""
#define HAVE_V4L1 1
#define HAVE_V4L2 1
#define STDC_HEADERS 1
#define HAVE_SYS_TYPES_H 1
#define HAVE_SYS_STAT_H 1
#define HAVE_STDLIB_H 1
#define HAVE_STRING_H 1
#define HAVE_MEMORY_H 1
#define HAVE_STRINGS_H 1
#define HAVE_INTTYPES_H 1
#define HAVE_STDINT_H 1
#define HAVE_UNISTD_H 1
#define HAVE_STDLIB_H 1
#define HAVE_UNISTD_H 1
#define HAVE_SYS_PARAM_H 1
#define HAVE_GETPAGESIZE 1
#define HAVE_MMAP 1

configure: exit 0
